0 info it worked if it ends with ok
1 verbose cli [ '/usr/local/bin/node',
1 verbose cli   '/usr/local/bin/npm',
1 verbose cli   'i',
1 verbose cli   'react-animate-on-change',
1 verbose cli   '-S' ]
2 info using npm@2.14.2
3 info using node@v4.0.0
4 verbose install initial load of /Applications/MAMP/htdocs/reservation-client/package.json
5 warn package.json react-template@1.0.0 No README data
6 verbose installManyTop reading scoped package data from /Applications/MAMP/htdocs/reservation-client/node_modules/babel-core/package.json
7 verbose installManyTop reading scoped package data from /Applications/MAMP/htdocs/reservation-client/node_modules/babel-loader/package.json
8 verbose installManyTop reading scoped package data from /Applications/MAMP/htdocs/reservation-client/node_modules/babel-polyfill/package.json
9 verbose installManyTop reading scoped package data from /Applications/MAMP/htdocs/reservation-client/node_modules/babel-preset-es2015/package.json
10 verbose installManyTop reading scoped package data from /Applications/MAMP/htdocs/reservation-client/node_modules/babel-preset-react/package.json
11 verbose installManyTop reading scoped package data from /Applications/MAMP/htdocs/reservation-client/node_modules/babel-preset-stage-0/package.json
12 verbose installManyTop reading scoped package data from /Applications/MAMP/htdocs/reservation-client/node_modules/gsap/package.json
13 verbose installManyTop reading scoped package data from /Applications/MAMP/htdocs/reservation-client/node_modules/gulp/package.json
14 verbose installManyTop reading scoped package data from /Applications/MAMP/htdocs/reservation-client/node_modules/gulp-autoprefixer/package.json
15 verbose installManyTop reading scoped package data from /Applications/MAMP/htdocs/reservation-client/node_modules/gulp-clean-css/package.json
16 verbose installManyTop reading scoped package data from /Applications/MAMP/htdocs/reservation-client/node_modules/gulp-concat/package.json
17 verbose installManyTop reading scoped package data from /Applications/MAMP/htdocs/reservation-client/node_modules/gulp-notify/package.json
18 verbose installManyTop reading scoped package data from /Applications/MAMP/htdocs/reservation-client/node_modules/gulp-sass/package.json
19 verbose installManyTop reading scoped package data from /Applications/MAMP/htdocs/reservation-client/node_modules/https/package.json
20 verbose installManyTop reading scoped package data from /Applications/MAMP/htdocs/reservation-client/node_modules/lodash/package.json
21 verbose installManyTop reading scoped package data from /Applications/MAMP/htdocs/reservation-client/node_modules/react/package.json
22 verbose installManyTop reading scoped package data from /Applications/MAMP/htdocs/reservation-client/node_modules/react-addons-transition-group/package.json
23 verbose installManyTop reading scoped package data from /Applications/MAMP/htdocs/reservation-client/node_modules/react-dom/package.json
24 verbose installManyTop reading scoped package data from /Applications/MAMP/htdocs/reservation-client/node_modules/react-router/package.json
25 verbose installManyTop reading scoped package data from /Applications/MAMP/htdocs/reservation-client/node_modules/socket.io-client/package.json
26 verbose installManyTop reading scoped package data from /Applications/MAMP/htdocs/reservation-client/node_modules/styled-components/package.json
27 verbose installManyTop reading scoped package data from /Applications/MAMP/htdocs/reservation-client/node_modules/webpack/package.json
28 verbose installManyTop reading scoped package data from /Applications/MAMP/htdocs/reservation-client/node_modules/whatwg-fetch/package.json
29 info package.json gsap@1.19.0 license should be a valid SPDX license expression
30 info package.json gulp-notify@2.2.0 No license field.
31 info package.json https@1.0.0 https is also the name of a node core module.
32 info package.json https@1.0.0 No repository field.
33 info package.json https@1.0.0 No README data
34 verbose readDependencies loading dependencies from /Applications/MAMP/htdocs/reservation-client/package.json
35 silly cache add args [ 'react-animate-on-change', null ]
36 verbose cache add spec react-animate-on-change
37 silly cache add parsed spec Result {
37 silly cache add   raw: 'react-animate-on-change',
37 silly cache add   scope: null,
37 silly cache add   name: 'react-animate-on-change',
37 silly cache add   rawSpec: '',
37 silly cache add   spec: '*',
37 silly cache add   type: 'range' }
38 silly addNamed react-animate-on-change@*
39 verbose addNamed "*" is a valid semver range for react-animate-on-change
40 silly addNameRange { name: 'react-animate-on-change', range: '*', hasData: false }
41 silly mapToRegistry name react-animate-on-change
42 silly mapToRegistry using default registry
43 silly mapToRegistry registry https://registry.npmjs.org/
44 silly mapToRegistry uri https://registry.npmjs.org/react-animate-on-change
45 verbose addNameRange registry:https://registry.npmjs.org/react-animate-on-change not in flight; fetching
46 verbose request uri https://registry.npmjs.org/react-animate-on-change
47 verbose request no auth needed
48 info attempt registry request try #1 at 20:32:38
49 verbose request id 3326b88bfba6ef25
50 http request GET https://registry.npmjs.org/react-animate-on-change
51 http 200 https://registry.npmjs.org/react-animate-on-change
52 silly get cb [ 200,
52 silly get   { server: 'nginx/1.10.1',
52 silly get     'content-type': 'application/json',
52 silly get     'last-modified': 'Mon, 29 Aug 2016 19:16:36 GMT',
52 silly get     etag: 'W/"57c48a14-36c8"',
52 silly get     'content-encoding': 'gzip',
52 silly get     'cache-control': 'max-age=300',
52 silly get     'content-length': '2605',
52 silly get     'accept-ranges': 'bytes',
52 silly get     date: 'Wed, 30 Nov 2016 19:32:38 GMT',
52 silly get     via: '1.1 varnish',
52 silly get     age: '0',
52 silly get     connection: 'keep-alive',
52 silly get     'x-served-by': 'cache-ams4120-AMS',
52 silly get     'x-cache': 'MISS',
52 silly get     'x-cache-hits': '0',
52 silly get     'x-timer': 'S1480534358.878260,VS0,VE7',
52 silly get     vary: 'Accept-Encoding' } ]
53 verbose get saving react-animate-on-change to /Users/Fabian/.npm/registry.npmjs.org/react-animate-on-change/.cache.json
54 silly addNameRange number 2 { name: 'react-animate-on-change', range: '*', hasData: true }
55 silly addNameRange versions [ 'react-animate-on-change',
55 silly addNameRange   [ '0.0.1', '0.1.0', '0.1.1', '0.1.2', '0.1.3', '0.2.0', '0.2.1' ] ]
56 silly addNamed react-animate-on-change@0.2.1
57 verbose addNamed "0.2.1" is a plain semver version for react-animate-on-change
58 silly mapToRegistry name react-animate-on-change
59 silly mapToRegistry using default registry
60 silly mapToRegistry registry https://registry.npmjs.org/
61 silly mapToRegistry uri https://registry.npmjs.org/react-animate-on-change
62 verbose addRemoteTarball https://registry.npmjs.org/react-animate-on-change/-/react-animate-on-change-0.2.1.tgz not in flight; adding
63 verbose addRemoteTarball [ 'https://registry.npmjs.org/react-animate-on-change/-/react-animate-on-change-0.2.1.tgz',
63 verbose addRemoteTarball   '62898eb33547e9facff1737264a3d9a53c98e8b3' ]
64 info retry fetch attempt 1 at 20:32:39
65 info attempt registry request try #1 at 20:32:39
66 http fetch GET https://registry.npmjs.org/react-animate-on-change/-/react-animate-on-change-0.2.1.tgz
67 http fetch 200 https://registry.npmjs.org/react-animate-on-change/-/react-animate-on-change-0.2.1.tgz
68 silly fetchAndShaCheck shasum 62898eb33547e9facff1737264a3d9a53c98e8b3
69 verbose addTmpTarball /var/folders/8b/byp1bz7d7z90wqxwnht2bmgc0000gn/T/npm-36801-3d296aa3/registry.npmjs.org/react-animate-on-change/-/react-animate-on-change-0.2.1.tgz not in flight; adding
70 verbose addTmpTarball already have metadata; skipping unpack for react-animate-on-change@0.2.1
71 silly cache afterAdd react-animate-on-change@0.2.1
72 verbose afterAdd /Users/Fabian/.npm/react-animate-on-change/0.2.1/package/package.json not in flight; writing
73 verbose afterAdd /Users/Fabian/.npm/react-animate-on-change/0.2.1/package/package.json written
74 silly install resolved [ { name: 'react-animate-on-change',
74 silly install resolved     version: '0.2.1',
74 silly install resolved     description: 'Animate your components on state change',
74 silly install resolved     main: 'dist/index.js',
74 silly install resolved     scripts:
74 silly install resolved      { build: 'babel index.js -d dist',
74 silly install resolved        example: 'concurrent "ecstatic ./example" "npm run ewebpack"',
74 silly install resolved        ewebpack: 'webpack --config example/webpack.config.js --watch',
74 silly install resolved        postversion: 'npm run build && git add dist && git commit --amend --no-edit',
74 silly install resolved        postpublish: 'git push && git push --tags',
74 silly install resolved        start: 'karma start',
74 silly install resolved        test: 'karma start karma.conf-ci.js' },
74 silly install resolved     repository:
74 silly install resolved      { type: 'git',
74 silly install resolved        url: 'git+https://github.com/arve0/react-animate-on-change.git' },
74 silly install resolved     keywords: [ 'react-component', 'react', 'animate', 'animation', 'css' ],
74 silly install resolved     author: { name: 'Arve Seljebu' },
74 silly install resolved     license: 'MIT',
74 silly install resolved     bugs: { url: 'https://github.com/arve0/react-animate-on-change/issues' },
74 silly install resolved     homepage: 'https://github.com/arve0/react-animate-on-change#readme',
74 silly install resolved     devDependencies:
74 silly install resolved      { 'babel-core': '^6.3.26',
74 silly install resolved        'babel-cli': '^6.3.17',
74 silly install resolved        'babel-loader': '^6.2.1',
74 silly install resolved        'babel-preset-es2015': '^6.3.13',
74 silly install resolved        'babel-preset-react': '^6.3.13',
74 silly install resolved        babelify: '^7.2.0',
74 silly install resolved        concurrently: '^1.0.0',
74 silly install resolved        'css-loader': '^0.23.1',
74 silly install resolved        ecstatic: '^1.4.0',
74 silly install resolved        'jasmine-core': '^2.4.1',
74 silly install resolved        karma: '^0.13.16',
74 silly install resolved        'karma-browserify': '^4.4.2',
74 silly install resolved        'karma-chrome-launcher': '^0.2.2',
74 silly install resolved        'karma-ie-launcher': '^0.2.0',
74 silly install resolved        'karma-jasmine': '^0.3.6',
74 silly install resolved        'karma-sauce-launcher': '^0.3.0',
74 silly install resolved        react: '^0.14.5 || ^15.0.0',
74 silly install resolved        'react-dom': '^0.14.5 || ^15.0.0',
74 silly install resolved        'react-redux': '^4.0.6',
74 silly install resolved        redux: '^3.0.5',
74 silly install resolved        'style-loader': '^0.13.0',
74 silly install resolved        webpack: '^1.12.11' },
74 silly install resolved     peerDependencies: { react: '^0.14.5 || ^15.0.0' },
74 silly install resolved     gitHead: '4ced44e8aece29ff72cc343c6d1c104ff0ef716d',
74 silly install resolved     _id: 'react-animate-on-change@0.2.1',
74 silly install resolved     _shasum: '62898eb33547e9facff1737264a3d9a53c98e8b3',
74 silly install resolved     _from: 'react-animate-on-change@*',
74 silly install resolved     _npmVersion: '3.9.3',
74 silly install resolved     _nodeVersion: '6.2.1',
74 silly install resolved     _npmUser: { name: 'arve0', email: 'arve.seljebu@gmail.com' },
74 silly install resolved     dist:
74 silly install resolved      { shasum: '62898eb33547e9facff1737264a3d9a53c98e8b3',
74 silly install resolved        tarball: 'https://registry.npmjs.org/react-animate-on-change/-/react-animate-on-change-0.2.1.tgz' },
74 silly install resolved     maintainers: [ [Object] ],
74 silly install resolved     _npmOperationalInternal:
74 silly install resolved      { host: 'packages-12-west.internal.npmjs.com',
74 silly install resolved        tmp: 'tmp/react-animate-on-change-0.2.1.tgz_1472498194529_0.4479020508006215' },
74 silly install resolved     directories: {},
74 silly install resolved     _resolved: 'https://registry.npmjs.org/react-animate-on-change/-/react-animate-on-change-0.2.1.tgz' } ]
75 info install react-animate-on-change@0.2.1 into /Applications/MAMP/htdocs/reservation-client
76 info installOne react-animate-on-change@0.2.1
77 verbose installOne of react-animate-on-change to /Applications/MAMP/htdocs/reservation-client not in flight; installing
78 verbose lock using /Users/Fabian/.npm/_locks/react-animate-on-change-c53761eeb2a97ac1.lock for /Applications/MAMP/htdocs/reservation-client/node_modules/react-animate-on-change
79 silly install write writing react-animate-on-change 0.2.1 to /Applications/MAMP/htdocs/reservation-client/node_modules/react-animate-on-change
80 verbose unbuild node_modules/react-animate-on-change
81 silly gentlyRm /Applications/MAMP/htdocs/reservation-client/node_modules/react-animate-on-change is being purged from base /Applications/MAMP/htdocs/reservation-client
82 verbose gentlyRm don't care about contents; nuking /Applications/MAMP/htdocs/reservation-client/node_modules/react-animate-on-change
83 verbose tar unpack /Users/Fabian/.npm/react-animate-on-change/0.2.1/package.tgz
84 verbose tar unpacking to /Applications/MAMP/htdocs/reservation-client/node_modules/react-animate-on-change
85 silly gentlyRm /Applications/MAMP/htdocs/reservation-client/node_modules/react-animate-on-change is being purged
86 verbose gentlyRm don't care about contents; nuking /Applications/MAMP/htdocs/reservation-client/node_modules/react-animate-on-change
87 silly gunzTarPerm modes [ '755', '644' ]
88 silly gunzTarPerm extractEntry package.json
89 silly gunzTarPerm extractEntry .npmignore
90 silly gunzTarPerm extractEntry README.md
91 silly gunzTarPerm extractEntry test.js
92 silly gunzTarPerm extractEntry index.js
93 silly gunzTarPerm extractEntry karma.conf-ci.js
94 silly gunzTarPerm extractEntry karma.conf.js
95 silly gunzTarPerm extractEntry .travis.yml
96 silly gunzTarPerm extractEntry .babelrc
97 silly gunzTarPerm extractEntry demo.gif
98 silly gunzTarPerm extractEntry dist/index.js
99 silly gunzTarPerm extractEntry example/bundle.js
100 silly gunzTarPerm extractEntry example/index.js
101 silly gunzTarPerm extractEntry example/webpack.config.js
102 silly gunzTarPerm extractEntry example/index.html
103 silly gunzTarPerm extractEntry example/style.css
104 verbose write writing to /Applications/MAMP/htdocs/reservation-client/node_modules/react-animate-on-change/package.json
105 info preinstall react-animate-on-change@0.2.1
106 verbose readDependencies loading dependencies from /Applications/MAMP/htdocs/reservation-client/node_modules/react-animate-on-change/package.json
107 verbose readDependencies loading dependencies from /Applications/MAMP/htdocs/reservation-client/node_modules/react-animate-on-change/package.json
108 silly install resolved []
109 verbose about to build /Applications/MAMP/htdocs/reservation-client/node_modules/react-animate-on-change
110 info build /Applications/MAMP/htdocs/reservation-client/node_modules/react-animate-on-change
111 info linkStuff react-animate-on-change@0.2.1
112 silly linkStuff react-animate-on-change@0.2.1 has /Applications/MAMP/htdocs/reservation-client/node_modules as its parent node_modules
113 verbose linkBins react-animate-on-change@0.2.1
114 verbose linkMans react-animate-on-change@0.2.1
115 verbose rebuildBundles react-animate-on-change@0.2.1
116 info install react-animate-on-change@0.2.1
117 info postinstall react-animate-on-change@0.2.1
118 verbose unlock done using /Users/Fabian/.npm/_locks/react-animate-on-change-c53761eeb2a97ac1.lock for /Applications/MAMP/htdocs/reservation-client/node_modules/react-animate-on-change
119 verbose validateInstall loading /Applications/MAMP/htdocs/reservation-client/package.json for validation
120 verbose stack Error: The package react@15.3.2 does not satisfy its siblings' peerDependencies requirements!
120 verbose stack     at /usr/local/lib/node_modules/npm/lib/install.js:125:32
120 verbose stack     at /usr/local/lib/node_modules/npm/lib/install.js:268:7
120 verbose stack     at /usr/local/lib/node_modules/npm/node_modules/read-installed/read-installed.js:142:5
120 verbose stack     at /usr/local/lib/node_modules/npm/node_modules/read-installed/read-installed.js:263:14
120 verbose stack     at cb (/usr/local/lib/node_modules/npm/node_modules/slide/lib/async-map.js:47:24)
120 verbose stack     at /usr/local/lib/node_modules/npm/node_modules/read-installed/read-installed.js:263:14
120 verbose stack     at cb (/usr/local/lib/node_modules/npm/node_modules/slide/lib/async-map.js:47:24)
120 verbose stack     at /usr/local/lib/node_modules/npm/node_modules/read-installed/read-installed.js:263:14
120 verbose stack     at cb (/usr/local/lib/node_modules/npm/node_modules/slide/lib/async-map.js:47:24)
120 verbose stack     at /usr/local/lib/node_modules/npm/node_modules/read-installed/read-installed.js:263:14
121 verbose cwd /Applications/MAMP/htdocs/reservation-client
122 error Darwin 16.1.0
123 error argv "/usr/local/bin/node" "/usr/local/bin/npm" "i" "react-animate-on-change" "-S"
124 error node v4.0.0
125 error npm  v2.14.2
126 error code EPEERINVALID
127 error peerinvalid The package react@15.3.2 does not satisfy its siblings' peerDependencies requirements!
127 error peerinvalid Peer react-dom@15.3.2 wants react@^15.3.2
127 error peerinvalid Peer react-router@3.0.0 wants react@^0.14.0 || ^15.0.0
127 error peerinvalid Peer styled-components@1.0.10 wants react@^0.14.0 || ^15.0.0-0
127 error peerinvalid Peer react-addons-transition-group@15.4.0 wants react@^15.4.0
127 error peerinvalid Peer react-animate-on-change@0.2.1 wants react@^0.14.5 || ^15.0.0
128 verbose exit [ 1, true ]
